<?xml version="1.0" encoding="UTF-8"?>
<!-- Generated by org.testng.reporters.JUnitReportReporter -->
<testsuite hostname="DESKTOP-C7480VD" failures="0" tests="3" name="testNGstudy.AnnotationStudy1" time="0.015" errors="0" timestamp="2022-03-22T23:33:26 GMT-05:00" skipped="0">
  <testcase classname="testNGstudy.AnnotationStudy1" name="c" time="0.003"/>
  <system-out>
    <![CDATA[Running C Method]]>
  </system-out>
  <testcase classname="testNGstudy.AnnotationStudy1" name="b" time="0.004"/>
  <system-out>
    <![CDATA[Running B Method]]>
  </system-out>
  <testcase classname="testNGstudy.AnnotationStudy1" name="a" time="0.008"/>
  <system-out>
    <![CDATA[Running A Method]]>
  </system-out>
</testsuite> <!-- testNGstudy.AnnotationStudy1 -->
