<?xml version="1.0" encoding="UTF-8"?>
<!-- Generated by org.testng.reporters.JUnitReportReporter -->
<testsuite hostname="DESKTOP-C7480VD" failures="0" tests="1" name="kiteAppTestClasses.kiteAppUserIdErrorMsgValidation" time="1.782" errors="0" timestamp="2022-03-30T00:54:08 GMT-05:00" skipped="0">
  <testcase classname="kiteAppTestClasses.kiteAppUserIdErrorMsgValidation" name="validateUserIDErrorMsg" time="1.782"/>
  <system-out>
    <![CDATA[Screenshot taken for TC25]]>
  </system-out>
</testsuite> <!-- kiteAppTestClasses.kiteAppUserIdErrorMsgValidation -->
