<?xml version="1.0" encoding="UTF-8"?>
<!-- Generated by org.testng.reporters.JUnitReportReporter -->
<testsuite hostname="DESKTOP-C7480VD" failures="0" tests="1" name="testNGstudy.MyClass" time="0.015" errors="0" timestamp="2022-03-22T02:20:43 GMT-05:00" skipped="0">
  <testcase classname="testNGstudy.MyClass" name="MyMethod" time="0.015"/>
  <system-out/>
</testsuite> <!-- testNGstudy.MyClass -->
