<?xml version="1.0" encoding="UTF-8"?>
<!-- Generated by org.testng.reporters.JUnitReportReporter -->
<testsuite hostname="DESKTOP-C7480VD" failures="0" tests="3" name="testNGxmlStudy.Test123" time="0.020" errors="0" timestamp="2022-03-24T00:06:31 GMT-05:00" skipped="0">
  <testcase classname="testNGxmlStudy.Test123" name="TC10" time="0.013"/>
  <system-out>
    <![CDATA[Running TC10]]>
  </system-out>
  <testcase classname="testNGxmlStudy.Test123" name="TC6" time="0.003"/>
  <system-out>
    <![CDATA[Running TC6]]>
  </system-out>
  <testcase classname="testNGxmlStudy.Test123" name="TC9" time="0.004"/>
  <system-out>
    <![CDATA[Running TC9]]>
  </system-out>
</testsuite> <!-- testNGxmlStudy.Test123 -->
