<?xml version="1.0" encoding="UTF-8"?>
<!-- Generated by org.testng.reporters.JUnitReportReporter -->
<testsuite hostname="DESKTOP-C7480VD" failures="0" tests="3" name="testNGkeywords.InvocationCountStudy" time="0.037" errors="0" timestamp="2022-03-23T00:03:21 GMT-05:00" skipped="0">
  <testcase classname="testNGkeywords.InvocationCountStudy" name="a" time="0.007"/>
  <system-out>
    <![CDATA[Running A Method]]>
  </system-out>
  <testcase classname="testNGkeywords.InvocationCountStudy" name="a" time="0.021"/>
  <system-out>
    <![CDATA[Running A Method]]>
  </system-out>
  <testcase classname="testNGkeywords.InvocationCountStudy" name="a" time="0.009"/>
  <system-out>
    <![CDATA[Running A Method]]>
  </system-out>
</testsuite> <!-- testNGkeywords.InvocationCountStudy -->
