<?xml version="1.0" encoding="UTF-8"?>
<!-- Generated by org.testng.reporters.JUnitReportReporter -->
<testsuite hostname="DESKTOP-C7480VD" failures="0" tests="1" name="groupInTestNG.TestGroup2" time="0.004" errors="0" timestamp="2022-03-24T01:06:41 GMT-05:00" skipped="0">
  <testcase classname="groupInTestNG.TestGroup2" name="TC1" time="0.004"/>
  <system-out>
    <![CDATA[Running TC1]]>
  </system-out>
</testsuite> <!-- groupInTestNG.TestGroup2 -->
