<?xml version="1.0" encoding="UTF-8"?>
<!-- Generated by org.testng.reporters.JUnitReportReporter -->
<testsuite hostname="DESKTOP-C7480VD" failures="0" tests="4" name="testNGstudy.MyClass1" time="0.035" errors="0" timestamp="2022-03-22T02:30:55 GMT-05:00" skipped="0">
  <testcase classname="testNGstudy.MyClass1" name="MyMethod2" time="0.004"/>
  <system-out/>
  <testcase classname="testNGstudy.MyClass1" name="MyMethod3" time="0.009"/>
  <system-out/>
  <testcase classname="testNGstudy.MyClass1" name="MyMethod4" time="0.004"/>
  <system-out/>
  <testcase classname="testNGstudy.MyClass1" name="MyMethod1" time="0.018"/>
  <system-out/>
</testsuite> <!-- testNGstudy.MyClass1 -->
