<?xml version="1.0" encoding="UTF-8"?>
<!-- Generated by org.testng.reporters.JUnitReportReporter -->
<testsuite hostname="DESKTOP-C7480VD" failures="0" tests="2" name="CrossBrowserTest.FireFoxTest" time="51.254" errors="0" timestamp="2022-03-25T01:06:54 GMT-05:00" skipped="0">
  <testcase classname="CrossBrowserTest.FireFoxTest" name="MyMethod1" time="24.765"/>
  <system-out/>
  <testcase classname="CrossBrowserTest.FireFoxTest" name="MyMethod1" time="26.489"/>
  <system-out/>
</testsuite> <!-- CrossBrowserTest.FireFoxTest -->
