<?xml version="1.0" encoding="UTF-8"?>
<!-- Generated by org.testng.reporters.JUnitReportReporter -->
<testsuite hostname="DESKTOP-C7480VD" failures="0" tests="1" name="SerialAndParallel.SerialAndParallel3" time="14.956" errors="0" timestamp="2022-03-25T01:04:01 GMT-05:00" skipped="0">
  <testcase classname="SerialAndParallel.SerialAndParallel3" name="MyMethod1" time="14.956"/>
  <system-out/>
</testsuite> <!-- SerialAndParallel.SerialAndParallel3 -->
