<?xml version="1.0" encoding="UTF-8"?>
<!-- Generated by org.testng.reporters.JUnitReportReporter -->
<testsuite hostname="DESKTOP-C7480VD" failures="0" tests="1" name="kiteAppTestClasses.kiteUserNameValidation" time="6.405" errors="0" timestamp="2022-03-29T23:58:44 GMT-05:00" skipped="0">
  <testcase classname="kiteAppTestClasses.kiteUserNameValidation" name="validateUserName" time="6.405"/>
  <system-out>
    <![CDATA[ValidateUserName
Screenshot taken for TC100]]>
  </system-out>
</testsuite> <!-- kiteAppTestClasses.kiteUserNameValidation -->
