<?xml version="1.0" encoding="UTF-8"?>
<!-- Generated by org.testng.reporters.JUnitReportReporter -->
<testsuite hostname="DESKTOP-C7480VD" failures="0" tests="2" name="groupInTestNG.TestGroup1" time="0.020" errors="0" timestamp="2022-03-24T01:06:41 GMT-05:00" skipped="0">
  <testcase classname="groupInTestNG.TestGroup1" name="TC9" time="0.005"/>
  <system-out>
    <![CDATA[Running TC9]]>
  </system-out>
  <testcase classname="groupInTestNG.TestGroup1" name="TC6" time="0.015"/>
  <system-out>
    <![CDATA[Running TC6]]>
  </system-out>
</testsuite> <!-- groupInTestNG.TestGroup1 -->
