<?xml version="1.0" encoding="UTF-8"?>
<!-- Generated by org.testng.reporters.JUnitReportReporter -->
<testsuite hostname="DESKTOP-C7480VD" failures="0" tests="2" name="testNGstudy.MyTest" time="0.020" errors="0" timestamp="2022-03-22T15:12:19 GMT-05:00" skipped="0">
  <testcase classname="testNGstudy.MyTest" name="MyMethod2" time="0.004"/>
  <system-out>
    <![CDATA[Welcome to Test NG2]]>
  </system-out>
  <testcase classname="testNGstudy.MyTest" name="MyMethod1" time="0.016"/>
  <system-out/>
</testsuite> <!-- testNGstudy.MyTest -->
