<?xml version="1.0" encoding="UTF-8"?>
<!-- Generated by org.testng.reporters.JUnitReportReporter -->
<testsuite hostname="DESKTOP-C7480VD" failures="0" tests="3" name="testNGkeywords.EnabledStudy" time="0.021" errors="0" timestamp="2022-03-23T00:52:50 GMT-05:00" skipped="1">
  <testcase classname="testNGkeywords.EnabledStudy" name="b" time="0.003"/>
  <system-out>
    <![CDATA[Running B Method]]>
  </system-out>
  <testcase classname="testNGkeywords.EnabledStudy" name="a" time="0.018"/>
  <system-out>
    <![CDATA[Running A Method]]>
  </system-out>
  <testcase classname="testNGkeywords.EnabledStudy" name="c">
    <skipped/>
  </testcase> <!-- c -->
  <system-out/>
</testsuite> <!-- testNGkeywords.EnabledStudy -->
