<?xml version="1.0" encoding="UTF-8"?>
<!-- Generated by org.testng.reporters.JUnitReportReporter -->
<testsuite hostname="DESKTOP-C7480VD" failures="0" tests="1" name="assertsInTestNG.AssertEqualStudy1" time="0.021" errors="0" timestamp="2022-03-27T21:30:59 GMT-05:00" skipped="0">
  <testcase classname="assertsInTestNG.AssertEqualStudy1" name="f" time="0.021"/>
  <system-out/>
</testsuite> <!-- assertsInTestNG.AssertEqualStudy1 -->
