<?xml version="1.0" encoding="UTF-8"?>
<!-- Generated by org.testng.reporters.JUnitReportReporter -->
<testsuite hostname="DESKTOP-C7480VD" failures="0" tests="2" name="testNGstudy.AnnotationStudy" time="0.016" errors="0" timestamp="2022-03-27T00:45:41 GMT-05:00" skipped="0">
  <testcase classname="testNGstudy.AnnotationStudy" name="ValidateUserId" time="0.004"/>
  <system-out>
    <![CDATA[Running Test]]>
  </system-out>
  <testcase classname="testNGstudy.AnnotationStudy" name="SampleTest" time="0.012"/>
  <system-out>
    <![CDATA[Running Sample Test]]>
  </system-out>
</testsuite> <!-- testNGstudy.AnnotationStudy -->
