<?xml version="1.0" encoding="UTF-8"?>
<!-- Generated by org.testng.reporters.JUnitReportReporter -->
<testsuite hostname="DESKTOP-C7480VD" failures="0" tests="2" name="testNGxmlStudy.MyClass" time="0.005" errors="0" timestamp="2022-03-24T00:06:31 GMT-05:00" skipped="0">
  <testcase classname="testNGxmlStudy.MyClass" name="TC3" time="0.003"/>
  <system-out>
    <![CDATA[Running TC3]]>
  </system-out>
  <testcase classname="testNGxmlStudy.MyClass" name="TC4" time="0.002"/>
  <system-out>
    <![CDATA[Running TC4]]>
  </system-out>
</testsuite> <!-- testNGxmlStudy.MyClass -->
