<?xml version="1.0" encoding="UTF-8"?>
<!-- Generated by org.testng.reporters.JUnitReportReporter -->
<testsuite hostname="DESKTOP-C7480VD" failures="0" tests="1" name="kiteAppTestClasses.kiteAppPasswordErrorMsgValidation" time="1.691" errors="0" timestamp="2022-03-30T01:11:38 GMT-05:00" skipped="0">
  <testcase classname="kiteAppTestClasses.kiteAppPasswordErrorMsgValidation" name="validatePasswordErrorMsg" time="1.691"/>
  <system-out>
    <![CDATA[Screenshot taken for TC26]]>
  </system-out>
</testsuite> <!-- kiteAppTestClasses.kiteAppPasswordErrorMsgValidation -->
