<?xml version="1.0" encoding="UTF-8"?>
<!-- Generated by org.testng.reporters.JUnitReportReporter -->
<testsuite hostname="DESKTOP-C7480VD" failures="0" tests="1" name="KitePOMTestNG.KiteTestUsingTestNG" time="5.348" errors="0" timestamp="2022-03-28T01:27:23 GMT-05:00" skipped="0">
  <testcase classname="KitePOMTestNG.KiteTestUsingTestNG" name="validateUserID" time="5.348"/>
  <system-out>
    <![CDATA[Validate UserID
User ID is validate Successfully,Test case is Passed]]>
  </system-out>
</testsuite> <!-- KitePOMTestNG.KiteTestUsingTestNG -->
