<?xml version="1.0" encoding="UTF-8"?>
<!-- Generated by org.testng.reporters.JUnitReportReporter -->
<testsuite hostname="DESKTOP-C7480VD" failures="0" tests="3" name="testNGkeywords.priorityStudy" time="0.021" errors="0" timestamp="2022-03-23T00:41:56 GMT-05:00" skipped="0">
  <testcase classname="testNGkeywords.priorityStudy" name="c" time="0.015"/>
  <system-out>
    <![CDATA[Running C Method]]>
  </system-out>
  <testcase classname="testNGkeywords.priorityStudy" name="a" time="0.002"/>
  <system-out>
    <![CDATA[Running A Method]]>
  </system-out>
  <testcase classname="testNGkeywords.priorityStudy" name="b" time="0.004"/>
  <system-out>
    <![CDATA[Running B Method]]>
  </system-out>
</testsuite> <!-- testNGkeywords.priorityStudy -->
