<?xml version="1.0" encoding="UTF-8"?>
<!-- Generated by org.testng.reporters.JUnitReportReporter -->
<testsuite hostname="DESKTOP-C7480VD" failures="0" tests="4" name="testNGstudy.MyClass3" time="56.363" errors="0" timestamp="2022-03-22T14:59:15 GMT-05:00" skipped="0">
  <testcase classname="testNGstudy.MyClass3" name="MyMethod4" time="5.965"/>
  <system-out/>
  <testcase classname="testNGstudy.MyClass3" name="MyMethod1" time="37.392"/>
  <system-out/>
  <testcase classname="testNGstudy.MyClass3" name="MyMethod2" time="4.886"/>
  <system-out/>
  <testcase classname="testNGstudy.MyClass3" name="MyMethod3" time="8.120"/>
  <system-out/>
</testsuite> <!-- testNGstudy.MyClass3 -->
